<?xml version="1.0" encoding="UTF-8"?>
<testsuite xmlns:xsi="http://www.w3.org/2001/XMLSchema-instance" xsi:noNamespaceSchemaLocation="https://maven.apache.org/surefire/maven-surefire-plugin/xsd/surefire-test-report.xsd" name="testRunner.getInstrumentService" time="2.362" tests="1" errors="0" skipped="0" failures="1">
  <properties>
    <property name="java.specification.version" value="18"/>
    <property name="sun.cpu.isalist" value="amd64"/>
    <property name="sun.jnu.encoding" value="Cp1252"/>
    <property name="java.class.path" value="C:\Users\aravi\Documents\Java Project\SignatureGeneratorUtilRestAssured\target\test-classes;C:\Users\aravi\Documents\Java Project\SignatureGeneratorUtilRestAssured\target\classes;C:\Users\aravi\.m2\repository\junit\junit\4.11\junit-4.11.jar;C:\Users\aravi\.m2\repository\org\hamcrest\hamcrest-core\1.3\hamcrest-core-1.3.jar;C:\Users\aravi\.m2\repository\org\testng\testng\7.6.1\testng-7.6.1.jar;C:\Users\aravi\.m2\repository\com\google\code\findbugs\jsr305\3.0.2\jsr305-3.0.2.jar;C:\Users\aravi\.m2\repository\org\slf4j\slf4j-api\1.7.36\slf4j-api-1.7.36.jar;C:\Users\aravi\.m2\repository\com\beust\jcommander\1.82\jcommander-1.82.jar;C:\Users\aravi\.m2\repository\org\webjars\jquery\3.6.0\jquery-3.6.0.jar;C:\Users\aravi\.m2\repository\io\rest-assured\rest-assured\5.1.1\rest-assured-5.1.1.jar;C:\Users\aravi\.m2\repository\org\apache\groovy\groovy\4.0.1\groovy-4.0.1.jar;C:\Users\aravi\.m2\repository\org\apache\groovy\groovy-xml\4.0.1\groovy-xml-4.0.1.jar;C:\Users\aravi\.m2\repository\org\apache\httpcomponents\httpclient\4.5.13\httpclient-4.5.13.jar;C:\Users\aravi\.m2\repository\org\apache\httpcomponents\httpcore\4.4.13\httpcore-4.4.13.jar;C:\Users\aravi\.m2\repository\commons-logging\commons-logging\1.2\commons-logging-1.2.jar;C:\Users\aravi\.m2\repository\commons-codec\commons-codec\1.11\commons-codec-1.11.jar;C:\Users\aravi\.m2\repository\org\apache\httpcomponents\httpmime\4.5.13\httpmime-4.5.13.jar;C:\Users\aravi\.m2\repository\org\hamcrest\hamcrest\2.1\hamcrest-2.1.jar;C:\Users\aravi\.m2\repository\org\ccil\cowan\tagsoup\tagsoup\1.2.1\tagsoup-1.2.1.jar;C:\Users\aravi\.m2\repository\io\rest-assured\json-path\5.1.1\json-path-5.1.1.jar;C:\Users\aravi\.m2\repository\org\apache\groovy\groovy-json\4.0.1\groovy-json-4.0.1.jar;C:\Users\aravi\.m2\repository\io\rest-assured\rest-assured-common\5.1.1\rest-assured-common-5.1.1.jar;C:\Users\aravi\.m2\repository\io\rest-assured\xml-path\5.1.1\xml-path-5.1.1.jar;C:\Users\aravi\.m2\repository\org\apache\commons\commons-lang3\3.11\commons-lang3-3.11.jar;"/>
    <property name="java.vm.vendor" value="Oracle Corporation"/>
    <property name="sun.arch.data.model" value="64"/>
    <property name="user.variant" value=""/>
    <property name="java.vendor.url" value="https://java.oracle.com/"/>
    <property name="user.timezone" value="Australia/Sydney"/>
    <property name="os.name" value="Windows 11"/>
    <property name="java.vm.specification.version" value="18"/>
    <property name="sun.java.launcher" value="SUN_STANDARD"/>
    <property name="user.country" value="AU"/>
    <property name="sun.boot.library.path" value="C:\Program Files\Java\jdk-18.0.1.1\bin"/>
    <property name="sun.java.command" value="C:\Users\aravi\AppData\Local\Temp\surefire5659903858451494106\surefirebooter16166831255127958614.jar C:\Users\aravi\AppData\Local\Temp\surefire5659903858451494106 2022-08-09T09-56-41_340-jvmRun1 surefire3119418281458179792tmp surefire_017556820036274986562tmp"/>
    <property name="jdk.debug" value="release"/>
    <property name="test" value="getInstrumentService"/>
    <property name="surefire.test.class.path" value="C:\Users\aravi\Documents\Java Project\SignatureGeneratorUtilRestAssured\target\test-classes;C:\Users\aravi\Documents\Java Project\SignatureGeneratorUtilRestAssured\target\classes;C:\Users\aravi\.m2\repository\junit\junit\4.11\junit-4.11.jar;C:\Users\aravi\.m2\repository\org\hamcrest\hamcrest-core\1.3\hamcrest-core-1.3.jar;C:\Users\aravi\.m2\repository\org\testng\testng\7.6.1\testng-7.6.1.jar;C:\Users\aravi\.m2\repository\com\google\code\findbugs\jsr305\3.0.2\jsr305-3.0.2.jar;C:\Users\aravi\.m2\repository\org\slf4j\slf4j-api\1.7.36\slf4j-api-1.7.36.jar;C:\Users\aravi\.m2\repository\com\beust\jcommander\1.82\jcommander-1.82.jar;C:\Users\aravi\.m2\repository\org\webjars\jquery\3.6.0\jquery-3.6.0.jar;C:\Users\aravi\.m2\repository\io\rest-assured\rest-assured\5.1.1\rest-assured-5.1.1.jar;C:\Users\aravi\.m2\repository\org\apache\groovy\groovy\4.0.1\groovy-4.0.1.jar;C:\Users\aravi\.m2\repository\org\apache\groovy\groovy-xml\4.0.1\groovy-xml-4.0.1.jar;C:\Users\aravi\.m2\repository\org\apache\httpcomponents\httpclient\4.5.13\httpclient-4.5.13.jar;C:\Users\aravi\.m2\repository\org\apache\httpcomponents\httpcore\4.4.13\httpcore-4.4.13.jar;C:\Users\aravi\.m2\repository\commons-logging\commons-logging\1.2\commons-logging-1.2.jar;C:\Users\aravi\.m2\repository\commons-codec\commons-codec\1.11\commons-codec-1.11.jar;C:\Users\aravi\.m2\repository\org\apache\httpcomponents\httpmime\4.5.13\httpmime-4.5.13.jar;C:\Users\aravi\.m2\repository\org\hamcrest\hamcrest\2.1\hamcrest-2.1.jar;C:\Users\aravi\.m2\repository\org\ccil\cowan\tagsoup\tagsoup\1.2.1\tagsoup-1.2.1.jar;C:\Users\aravi\.m2\repository\io\rest-assured\json-path\5.1.1\json-path-5.1.1.jar;C:\Users\aravi\.m2\repository\org\apache\groovy\groovy-json\4.0.1\groovy-json-4.0.1.jar;C:\Users\aravi\.m2\repository\io\rest-assured\rest-assured-common\5.1.1\rest-assured-common-5.1.1.jar;C:\Users\aravi\.m2\repository\io\rest-assured\xml-path\5.1.1\xml-path-5.1.1.jar;C:\Users\aravi\.m2\repository\org\apache\commons\commons-lang3\3.11\commons-lang3-3.11.jar;"/>
    <property name="sun.cpu.endian" value="little"/>
    <property name="user.home" value="C:\Users\aravi"/>
    <property name="user.language" value="en"/>
    <property name="java.specification.vendor" value="Oracle Corporation"/>
    <property name="java.version.date" value="2022-04-22"/>
    <property name="java.home" value="C:\Program Files\Java\jdk-18.0.1.1"/>
    <property name="file.separator" value="\"/>
    <property name="basedir" value="C:\Users\aravi\Documents\Java Project\SignatureGeneratorUtilRestAssured"/>
    <property name="java.vm.compressedOopsMode" value="Zero based"/>
    <property name="line.separator" value="&#10;"/>
    <property name="java.vm.specification.vendor" value="Oracle Corporation"/>
    <property name="java.specification.name" value="Java Platform API Specification"/>
    <property name="surefire.real.class.path" value="C:\Users\aravi\AppData\Local\Temp\surefire5659903858451494106\surefirebooter16166831255127958614.jar"/>
    <property name="user.script" value=""/>
    <property name="sun.management.compiler" value="HotSpot 64-Bit Tiered Compilers"/>
    <property name="java.runtime.version" value="18.0.1.1+2-6"/>
    <property name="user.name" value="aravi"/>
    <property name="path.separator" value=";"/>
    <property name="os.version" value="10.0"/>
    <property name="java.runtime.name" value="Java(TM) SE Runtime Environment"/>
    <property name="file.encoding" value="UTF-8"/>
    <property name="java.vm.name" value="Java HotSpot(TM) 64-Bit Server VM"/>
    <property name="localRepository" value="C:\Users\aravi\.m2\repository"/>
    <property name="java.vendor.url.bug" value="https://bugreport.java.com/bugreport/"/>
    <property name="java.io.tmpdir" value="C:\Users\aravi\AppData\Local\Temp\"/>
    <property name="java.version" value="18.0.1.1"/>
    <property name="user.dir" value="C:\Users\aravi\Documents\Java Project\SignatureGeneratorUtilRestAssured"/>
    <property name="os.arch" value="amd64"/>
    <property name="java.vm.specification.name" value="Java Virtual Machine Specification"/>
    <property name="sun.os.patch.level" value=""/>
    <property name="native.encoding" value="Cp1252"/>
    <property name="java.library.path" value="C:\Program Files\Java\jdk-18.0.1.1\bin;C:\WINDOWS\Sun\Java\bin;C:\WINDOWS\system32;C:\WINDOWS;C:\Program Files\Common Files\Oracle\Java\javapath;C:\WINDOWS\system32;C:\WINDOWS;C:\WINDOWS\System32\Wbem;C:\WINDOWS\System32\WindowsPowerShell\v1.0\;C:\WINDOWS\System32\OpenSSH\;C:\Program Files (x86)\dotnet\;C:\Program Files\nodejs\;C:\Program Files\Java\jdk-18.0.1.1\;C:\apache-maven-3.8.6\bin;C:\Program Files\Git\cmd;C:\Users\aravi\AppData\Local\Microsoft\WindowsApps;C:\Users\aravi\AppData\Roaming\npm;C:\Users\aravi\AppData\Local\Programs\Microsoft VS Code\bin;;."/>
    <property name="java.vm.info" value="mixed mode, sharing"/>
    <property name="java.vendor" value="Oracle Corporation"/>
    <property name="java.vm.version" value="18.0.1.1+2-6"/>
    <property name="sun.io.unicode.encoding" value="UnicodeLittle"/>
    <property name="java.class.version" value="62.0"/>
  </properties>
  <testcase name="InstrumentService on InstrumentService(testRunner.getInstrumentService)" classname="testRunner.getInstrumentService" time="1.134">
    <failure message="Connection refused: connect" type="java.net.ConnectException">java.net.ConnectException: Connection refused: connect
	at testRunner.getInstrumentService.InstrumentService(getInstrumentService.java:30)
</failure>
    <system-out><![CDATA[Enter host, xRequestMethod, xRequestPath and secret :
host: localhost
xRequestMethod: GET
xRequestPath: /instrument-details/credit-card/279408
xTimestamp: 1660003006102
secretKey: ltasD+JmKhIoVPQRzpyuP8V8nP1S9dUrI930yeg53t0=
Generating Signature.. 
Generated Signature: FlSojkl1fPKRU284hMVpNQ6dc8eYKVCxaOYrxeH9whQ=
FlSojkl1fPKRU284hMVpNQ6dc8eYKVCxaOYrxeH9whQ=
Request method:	GET
Request URI:	https://localhost:443/instrument-details/credit-card/279408
Proxy:			<none>
Request params:	<none>
Query params:	<none>
Form params:	<none>
Path params:	<none>
Headers:		host=localhost
				x-timestamp=1660003006632
				x-request-method=GET
				x-request-path=/instrument-details/instruments/279048
				x-key-Id=ltasD+JmKhIoVPQRzpyuP8V8nP1S9dUrI930yeg53t0=

				x-signature=FlSojkl1fPKRU284hMVpNQ6dc8eYKVCxaOYrxeH9whQ=
				Accept=*/*
Cookies:		<none>
Multiparts:		<none>
Body:			<none>
]]></system-out>
    <system-err><![CDATA[SLF4J: Failed to load class "org.slf4j.impl.StaticLoggerBinder".
SLF4J: Defaulting to no-operation (NOP) logger implementation
SLF4J: See http://www.slf4j.org/codes.html#StaticLoggerBinder for further details.
]]></system-err>
  </testcase>
</testsuite>